<?xml version="1.0" encoding="UTF-8"?>
<!-- Generated by org.testng.reporters.JUnitReportReporter -->
<testsuite skipped="0" hostname="Ankit" name="com.qa.test.LogInTest" tests="1" failures="0" timestamp="2024-08-24T18:45:22 IST" time="9.264" errors="0">
  <testcase name="validateLogInPagetitle" time="9.264" classname="com.qa.test.LogInTest"/>
</testsuite> <!-- com.qa.test.LogInTest -->
