<?xml version="1.0" encoding="UTF-8"?>
<!-- Generated by org.testng.reporters.JUnitReportReporter -->
<testsuite skipped="0" hostname="Ankit" name="com.qa.test.DashBoardTest" tests="4" failures="0" timestamp="2024-09-16T19:03:25 IST" time="41.301" errors="0">
  <testcase name="verify_Sidebar_Headers" time="12.637" classname="com.qa.test.DashBoardTest"/>
  <testcase name="verifyDashboardtitlePage" time="7.980" classname="com.qa.test.DashBoardTest"/>
  <testcase name="verifyDashboardheader" time="6.830" classname="com.qa.test.DashBoardTest"/>
  <testcase name="toVerifyTheUserName" time="13.854" classname="com.qa.test.DashBoardTest"/>
</testsuite> <!-- com.qa.test.DashBoardTest -->
